<?xml version="1.0" encoding="UTF-8"?>
<!-- Generated by org.testng.reporters.JUnitReportReporter -->
<testsuite hostname="DESKTOP-3DCDJ18" failures="0" tests="8" name="testing" time="25.073" errors="0" timestamp="2023-04-21T20:15:03 EET" skipped="0">
  <testcase classname="testing" name="AssertCurrencyAndLogo" time="1.934"/>
  <system-out/>
  <testcase classname="testing" name="AssertCurrencyAndLogo" time="2.619"/>
  <system-out/>
  <testcase classname="testing" name="AssertCurrencyAndLogo" time="4.516"/>
  <system-out/>
  <testcase classname="testing" name="AssertLogo" time="0.049"/>
  <system-out/>
  <testcase classname="testing" name="SendPlacesRandomly" time="2.402"/>
  <system-out/>
  <testcase classname="testing" name="SendPlacesRandomly" time="2.258"/>
  <system-out/>
  <testcase classname="testing" name="SendPlacesRandomly" time="2.013"/>
  <system-out/>
  <testcase classname="testing" name="chooseHotelRoomRandomly" time="9.282"/>
  <system-out/>
</testsuite> <!-- testing -->
